生成启动时间为 2023/12/28 11:54:15。
     1>项目“C:\Users\Lenovo\Documents\Visual Studio 2012\Projects\emploteetype\emploteetype\emploteetype.vcxproj”在节点 2 上(Build 个目标)。
     1>ClCompile:
         D:\visual studio 2012\VC\bin\CL.exe /c /ZI /nologo /W3 /WX- /Od /Oy- /D WIN32 /D _DEBUG /D _CONSOLE /D _UNICODE /D UNICODE /Gm /EHsc /RTC1 /MDd /GS /fp:precise /Zc:wchar_t /Zc:forScope /Fo"Debug\\" /Fd"Debug\vc110.pdb" /Gd /TP /analyze- /errorReport:prompt employee.cpp
         employee.cpp
     1>c:\users\lenovo\documents\visual studio 2012\projects\emploteetype\emploteetype\employee.cpp(12): warning C4996: 'strcpy': This function or variable may be unsafe. Consider using strcpy_s instead. To disable deprecation, use _CRT_SECURE_NO_WARNINGS. See online help for details.
                 d:\visual studio 2012\vc\include\string.h(110) : 参见“strcpy”的声明
     1>c:\users\lenovo\documents\visual studio 2012\projects\emploteetype\emploteetype\employee.cpp(13): warning C4996: 'strcpy': This function or variable may be unsafe. Consider using strcpy_s instead. To disable deprecation, use _CRT_SECURE_NO_WARNINGS. See online help for details.
                 d:\visual studio 2012\vc\include\string.h(110) : 参见“strcpy”的声明
     1>c:\users\lenovo\documents\visual studio 2012\projects\emploteetype\emploteetype\employee.cpp(14): warning C4996: 'strcpy': This function or variable may be unsafe. Consider using strcpy_s instead. To disable deprecation, use _CRT_SECURE_NO_WARNINGS. See online help for details.
                 d:\visual studio 2012\vc\include\string.h(110) : 参见“strcpy”的声明
     1>c:\users\lenovo\documents\visual studio 2012\projects\emploteetype\emploteetype\employee.cpp(15): warning C4996: 'strcpy': This function or variable may be unsafe. Consider using strcpy_s instead. To disable deprecation, use _CRT_SECURE_NO_WARNINGS. See online help for details.
                 d:\visual studio 2012\vc\include\string.h(110) : 参见“strcpy”的声明
     1>c:\users\lenovo\documents\visual studio 2012\projects\emploteetype\emploteetype\employee.cpp(24): warning C4996: 'strcpy': This function or variable may be unsafe. Consider using strcpy_s instead. To disable deprecation, use _CRT_SECURE_NO_WARNINGS. See online help for details.
                 d:\visual studio 2012\vc\include\string.h(110) : 参见“strcpy”的声明
       Link:
         D:\visual studio 2012\VC\bin\link.exe /ERRORREPORT:PROMPT /OUT:"C:\Users\Lenovo\Documents\Visual Studio 2012\Projects\emploteetype\Debug\emploteetype.exe" /INCREMENTAL /NOLOGO kernel32.lib user32.lib gdi32.lib winspool.lib comdlg32.lib advapi32.lib shell32.lib ole32.lib oleaut32.lib uuid.lib odbc32.lib odbccp32.lib /MANIFEST /MANIFESTUAC:"level='asInvoker' uiAccess='false'" /manifest:embed /DEBUG /PDB:"C:\Users\Lenovo\Documents\Visual Studio 2012\Projects\emploteetype\Debug\emploteetype.pdb" /SUBSYSTEM:CONSOLE /TLBID:1 /DYNAMICBASE /NXCOMPAT /IMPLIB:"C:\Users\Lenovo\Documents\Visual Studio 2012\Projects\emploteetype\Debug\emploteetype.lib" /MACHINE:X86 Debug\employee.obj
         emploteetype.vcxproj -> C:\Users\Lenovo\Documents\Visual Studio 2012\Projects\emploteetype\Debug\emploteetype.exe
     1>已完成生成项目“C:\Users\Lenovo\Documents\Visual Studio 2012\Projects\emploteetype\emploteetype\emploteetype.vcxproj”(Build 个目标)的操作。

生成成功。

已用时间 00:00:00.61
