生成启动时间为 2023/12/22 19:51:32。
     1>项目“C:\Users\Lenovo\Documents\Visual Studio 2012\Projects\第六、七次作业\稀疏矩阵加法\稀疏矩阵加法\稀疏矩阵加法.vcxproj”在节点 2 上(Build 个目标)。
     1>ClCompile:
         D:\visual studio 2012\VC\bin\CL.exe /c /ZI /nologo /W3 /WX- /Od /Oy- /D WIN32 /D _DEBUG /D _CONSOLE /D _UNICODE /D UNICODE /Gm /EHsc /RTC1 /MDd /GS /fp:precise /Zc:wchar_t /Zc:forScope /Fo"Debug\\" /Fd"Debug\vc110.pdb" /Gd /TP /analyze- /errorReport:prompt sparse.cpp
         sparse.cpp
     1>c:\users\lenovo\documents\visual studio 2012\projects\第六、七次作业\稀疏矩阵加法\稀疏矩阵加法\sparse.cpp(45): warning C4996: 'scanf': This function or variable may be unsafe. Consider using scanf_s instead. To disable deprecation, use _CRT_SECURE_NO_WARNINGS. See online help for details.
                 d:\visual studio 2012\vc\include\stdio.h(290) : 参见“scanf”的声明
     1>c:\users\lenovo\documents\visual studio 2012\projects\第六、七次作业\稀疏矩阵加法\稀疏矩阵加法\sparse.cpp(47): warning C4996: 'scanf': This function or variable may be unsafe. Consider using scanf_s instead. To disable deprecation, use _CRT_SECURE_NO_WARNINGS. See online help for details.
                 d:\visual studio 2012\vc\include\stdio.h(290) : 参见“scanf”的声明
     1>c:\users\lenovo\documents\visual studio 2012\projects\第六、七次作业\稀疏矩阵加法\稀疏矩阵加法\sparse.cpp(117): error C2146: 语法错误: 缺少“;”(在标识符“linklist”的前面)
     1>c:\users\lenovo\documents\visual studio 2012\projects\第六、七次作业\稀疏矩阵加法\稀疏矩阵加法\sparse.cpp(117): error C2146: 语法错误: 缺少“;”(在标识符“p”的前面)
     1>c:\users\lenovo\documents\visual studio 2012\projects\第六、七次作业\稀疏矩阵加法\稀疏矩阵加法\sparse.cpp(117): error C2275: “linklist”: 将此类型用作表达式非法
                 c:\users\lenovo\documents\visual studio 2012\projects\第六、七次作业\稀疏矩阵加法\稀疏矩阵加法\sparse.cpp(8) : 参见“linklist”的声明
     1>c:\users\lenovo\documents\visual studio 2012\projects\第六、七次作业\稀疏矩阵加法\稀疏矩阵加法\sparse.cpp(117): error C2065: “p”: 未声明的标识符
     1>c:\users\lenovo\documents\visual studio 2012\projects\第六、七次作业\稀疏矩阵加法\稀疏矩阵加法\sparse.cpp(117): error C2065: “q”: 未声明的标识符
     1>c:\users\lenovo\documents\visual studio 2012\projects\第六、七次作业\稀疏矩阵加法\稀疏矩阵加法\sparse.cpp(119): error C2065: “q”: 未声明的标识符
     1>c:\users\lenovo\documents\visual studio 2012\projects\第六、七次作业\稀疏矩阵加法\稀疏矩阵加法\sparse.cpp(120): error C2065: “p”: 未声明的标识符
     1>c:\users\lenovo\documents\visual studio 2012\projects\第六、七次作业\稀疏矩阵加法\稀疏矩阵加法\sparse.cpp(120): error C2065: “q”: 未声明的标识符
     1>c:\users\lenovo\documents\visual studio 2012\projects\第六、七次作业\稀疏矩阵加法\稀疏矩阵加法\sparse.cpp(120): error C2227: “->next”的左边必须指向类/结构/联合/泛型类型
                 类型是“'unknown-type'”
     1>c:\users\lenovo\documents\visual studio 2012\projects\第六、七次作业\稀疏矩阵加法\稀疏矩阵加法\sparse.cpp(121): error C2065: “q”: 未声明的标识符
     1>c:\users\lenovo\documents\visual studio 2012\projects\第六、七次作业\稀疏矩阵加法\稀疏矩阵加法\sparse.cpp(121): error C2227: “->next”的左边必须指向类/结构/联合/泛型类型
                 类型是“'unknown-type'”
     1>c:\users\lenovo\documents\visual studio 2012\projects\第六、七次作业\稀疏矩阵加法\稀疏矩阵加法\sparse.cpp(121): fatal error C1903: 无法从以前的错误中恢复；正在停止编译
     1>已完成生成项目“C:\Users\Lenovo\Documents\Visual Studio 2012\Projects\第六、七次作业\稀疏矩阵加法\稀疏矩阵加法\稀疏矩阵加法.vcxproj”(Build 个目标)的操作 - 失败。

生成失败。

已用时间 00:00:01.14
